<?xml version="1.0" encoding="UTF-8"?>
<!-- Generated by org.testng.reporters.JUnitReportReporter -->
<testsuite skipped="0" hostname="LT062371" name="google.SeleniumTest" tests="2" failures="0" timestamp="6 Oct 2019 17:18:18 GMT" time="0.022" errors="0">
  <testcase name="March" time="0.001" classname="google.SeleniumTest"/>
  <testcase name="April" time="0.021" classname="google.SeleniumTest"/>
</testsuite> <!-- google.SeleniumTest -->
