<?xml version="1.0" encoding="UTF-8"?>
<!-- Generated by org.testng.reporters.JUnitReportReporter -->
<testsuite hostname="LT062371" name="google.SeleniumTest" tests="2" failures="0" timestamp="7 Oct 2019 19:05:42 GMT" time="0.011" errors="0">
  <testcase name="March" time="0.000" classname="google.SeleniumTest"/>
  <testcase name="April" time="0.011" classname="google.SeleniumTest"/>
</testsuite> <!-- google.SeleniumTest -->
