<?xml version="1.0" encoding="UTF-8"?>
<!-- Generated by org.testng.reporters.JUnitReportReporter -->
<testsuite hostname="LT062371" name="google.RestAssuredTest" tests="2" failures="0" timestamp="7 Oct 2019 19:05:42 GMT" time="0.000" errors="0">
  <testcase name="Monday" time="0.000" classname="google.RestAssuredTest"/>
  <testcase name="Tuesday" time="0.000" classname="google.RestAssuredTest"/>
</testsuite> <!-- google.RestAssuredTest -->
