<?xml version="1.0" encoding="UTF-8"?>
<!-- Generated by org.testng.reporters.JUnitReportReporter -->
<testsuite hostname="LT062371" name="google.AppiumTest" tests="2" failures="0" timestamp="7 Oct 2019 18:32:26 GMT" time="0.001" errors="0">
  <testcase name="Mumbai" time="0.001" classname="google.AppiumTest"/>
  <testcase name="Kanpur" time="0.000" classname="google.AppiumTest"/>
</testsuite> <!-- google.AppiumTest -->
